<?xml version="1.0" encoding="UTF-8"?>
<!-- Generated by org.testng.reporters.JUnitReportReporter -->
<testsuite hostname="Lenovo" failures="0" tests="1" name="Runner.TestRunner" time="136.614" errors="0" timestamp="06 May 2021 11:10:56 GMT" skipped="0">
  <testcase classname="Runner.TestRunner" name="feature" time="136.614"/>
</testsuite> <!-- Runner.TestRunner -->
