<?xml version="1.0" encoding="UTF-8"?>
<!-- Generated by org.testng.reporters.JUnitReportReporter -->
<testsuite hostname="Lenovo" failures="0" tests="1" name="Runner.TestRunner" time="238.724" errors="0" timestamp="05 May 2021 11:33:08 GMT" skipped="0">
  <testcase classname="Runner.TestRunner" name="feature" time="238.724"/>
</testsuite> <!-- Runner.TestRunner -->
